<?xml version="1.0" encoding="UTF-8"?>
<!-- Generated by org.testng.reporters.JUnitReportReporter -->
<testsuite hostname="DESKTOP-369SR4N" failures="0" tests="1" name="loanapplications.CarLoanApplicationTests" time="0.003" errors="0" timestamp="2022-09-28T01:57:42 IST" skipped="0">
  <testcase classname="loanapplications.CarLoanApplicationTests" name="CarLoanLoginAPI" time="0.003"/>
  <system-out/>
</testsuite> <!-- loanapplications.CarLoanApplicationTests -->
