<?xml version="1.0" encoding="UTF-8"?>
<!-- Generated by org.testng.reporters.JUnitReportReporter -->
<testsuite hostname="DESKTOP-369SR4N" failures="0" tests="1" name="loanapplications.PersonalLoanApplicationTests" time="0.004" errors="0" timestamp="2022-09-28T01:57:42 IST" skipped="0">
  <testcase classname="loanapplications.PersonalLoanApplicationTests" name="PersonalLoanLoginAPI" time="0.004"/>
  <system-out/>
</testsuite> <!-- loanapplications.PersonalLoanApplicationTests -->
