<?xml version="1.0" encoding="UTF-8"?>
<!-- Generated by org.testng.reporters.JUnitReportReporter -->
<testsuite hostname="DESKTOP-369SR4N" failures="0" tests="3" name="loanapplications.HomeLoanApplicationTests" time="0.026" errors="0" timestamp="2022-09-28T01:57:42 IST" skipped="0">
  <testcase classname="loanapplications.HomeLoanApplicationTests" name="APIHomeLoan" time="0.016"/>
  <system-out/>
  <testcase classname="loanapplications.HomeLoanApplicationTests" name="WebHomeLoan" time="0.004"/>
  <system-out/>
  <testcase classname="loanapplications.HomeLoanApplicationTests" name="MobileHomeLoan" time="0.006"/>
  <system-out/>
</testsuite> <!-- loanapplications.HomeLoanApplicationTests -->
