<?xml version="1.0" encoding="UTF-8"?>
<!-- Generated by org.testng.reporters.JUnitReportReporter -->
<testsuite hostname="DESKTOP-369SR4N" failures="0" tests="1" name="testpkg.sample1" time="0.014" errors="0" timestamp="2022-09-28T01:11:27 IST" skipped="0">
  <testcase classname="testpkg.sample1" name="demo" time="0.014"/>
  <system-out/>
</testsuite> <!-- testpkg.sample1 -->
